[2026-03-21T23:00:11.286Z] [External Fetch] Found 2 integrations: whatsapp, google
[2026-03-21T23:00:11.288Z] [External Fetch] Triggering Google sync for google...
[2026-03-21T23:00:11.826Z] [External Fetch] Total external events retrieved: 50
[2026-03-21T23:00:50.551Z] [External Fetch] Found 2 integrations: whatsapp, google
[2026-03-21T23:00:50.552Z] [External Fetch] Triggering Google sync for google...
[2026-03-21T23:00:50.866Z] [External Fetch] Found 2 integrations: whatsapp, google
[2026-03-21T23:00:50.867Z] [External Fetch] Triggering Google sync for google...
[2026-03-21T23:00:51.129Z] [External Fetch] Found 2 integrations: whatsapp, google
[2026-03-21T23:00:51.130Z] [External Fetch] Triggering Google sync for google...
[2026-03-21T23:00:51.453Z] [External Fetch] Found 2 integrations: whatsapp, google
[2026-03-21T23:00:51.454Z] [External Fetch] Triggering Google sync for google...
[2026-03-21T23:00:51.503Z] [External Fetch] Total external events retrieved: 50
[2026-03-21T23:00:51.561Z] [External Fetch] Total external events retrieved: 50
[2026-03-21T23:00:51.657Z] [External Fetch] Total external events retrieved: 50
[2026-03-21T23:00:51.807Z] [External Fetch] Found 2 integrations: whatsapp, google
[2026-03-21T23:00:51.808Z] [External Fetch] Triggering Google sync for google...
[2026-03-21T23:00:51.857Z] [External Fetch] Total external events retrieved: 50
[2026-03-21T23:00:52.038Z] [External Fetch] Found 2 integrations: whatsapp, google
[2026-03-21T23:00:52.039Z] [External Fetch] Triggering Google sync for google...
[2026-03-21T23:00:52.077Z] [External Fetch] Total external events retrieved: 50
[2026-03-21T23:00:52.269Z] [External Fetch] Found 2 integrations: whatsapp, google
[2026-03-21T23:00:52.270Z] [External Fetch] Triggering Google sync for google...
[2026-03-21T23:00:52.295Z] [External Fetch] Total external events retrieved: 50
[2026-03-21T23:00:52.513Z] [External Fetch] Total external events retrieved: 50
[2026-03-22T02:57:06.545Z] [External Fetch] Found 1 integrations: whatsapp
[2026-03-22T02:57:06.547Z] [External Fetch] Total external events retrieved: 0
[2026-03-22T21:53:50.764Z] [External Fetch] Found 1 integrations: whatsapp
[2026-03-22T21:53:50.766Z] [External Fetch] Total external events retrieved: 0
[2026-03-22T21:58:00.410Z] [External Fetch] Found 1 integrations: whatsapp
[2026-03-22T21:58:00.412Z] [External Fetch] Total external events retrieved: 0
[2026-03-22T21:58:00.711Z] [External Fetch] Found 1 integrations: whatsapp
[2026-03-22T21:58:00.713Z] [External Fetch] Total external events retrieved: 0
[2026-03-22T22:01:12.915Z] [External Fetch] Found 2 integrations: whatsapp, google
[2026-03-22T22:01:12.916Z] [External Fetch] Triggering Google sync for google...
[2026-03-22T22:01:13.134Z] [External Fetch] Total external events retrieved: 50
[2026-03-22T22:41:10.247Z] [External Fetch] Found 2 integrations: whatsapp, google
[2026-03-22T22:41:10.248Z] [External Fetch] Triggering Google sync for google...
[2026-03-22T22:41:10.456Z] [External Fetch] Total external events retrieved: 50
[2026-03-22T22:45:51.861Z] [External Fetch] Found 2 integrations: whatsapp, google
[2026-03-22T22:45:51.862Z] [External Fetch] Triggering Google sync for google...
[2026-03-22T22:45:52.150Z] [External Fetch] Total external events retrieved: 50
[2026-03-22T22:50:19.487Z] [External Fetch] Found 2 integrations: whatsapp, google
[2026-03-22T22:50:19.491Z] [External Fetch] Triggering Google sync for google...
[2026-03-22T22:50:19.852Z] [External Fetch] Total external events retrieved: 50
[2026-03-22T22:51:39.081Z] [External Fetch] Found 2 integrations: whatsapp, google
[2026-03-22T22:51:39.081Z] [External Fetch] Triggering Google sync for google...
[2026-03-22T22:51:39.238Z] [External Fetch] Total external events retrieved: 50
[2026-03-22T22:56:13.013Z] [External Fetch] Found 2 integrations: whatsapp, google
[2026-03-22T22:56:13.014Z] [External Fetch] Triggering Google sync for google...
[2026-03-22T22:56:13.439Z] [External Fetch] Total external events retrieved: 50
[2026-03-22T22:56:44.137Z] [External Fetch] Found 2 integrations: whatsapp, google
[2026-03-22T22:56:44.138Z] [External Fetch] Triggering Google sync for google...
[2026-03-22T22:56:44.363Z] [External Fetch] Total external events retrieved: 50
[2026-03-22T22:56:56.924Z] [External Fetch] Found 2 integrations: whatsapp, google
[2026-03-22T22:56:56.925Z] [External Fetch] Triggering Google sync for google...
[2026-03-22T22:56:57.078Z] [External Fetch] Total external events retrieved: 50
[2026-03-22T22:58:21.953Z] [External Fetch] Found 2 integrations: whatsapp, google
[2026-03-22T22:58:21.955Z] [External Fetch] Triggering Google sync for google...
[2026-03-22T22:58:22.949Z] [External Fetch] Found 2 integrations: whatsapp, google
[2026-03-22T22:58:22.950Z] [External Fetch] Triggering Google sync for google...
[2026-03-22T22:58:23.011Z] [External Fetch] Total external events retrieved: 50
[2026-03-22T22:58:23.221Z] [External Fetch] Found 2 integrations: whatsapp, google
[2026-03-22T22:58:23.222Z] [External Fetch] Triggering Google sync for google...
[2026-03-22T22:58:23.258Z] [External Fetch] Total external events retrieved: 50
[2026-03-22T22:58:23.477Z] [External Fetch] Found 2 integrations: whatsapp, google
[2026-03-22T22:58:23.478Z] [External Fetch] Triggering Google sync for google...
[2026-03-22T22:58:23.507Z] [External Fetch] Total external events retrieved: 50
[2026-03-22T22:58:23.637Z] [External Fetch] Total external events retrieved: 50
[2026-03-22T22:58:29.102Z] [External Fetch] Found 2 integrations: whatsapp, google
[2026-03-22T22:58:29.103Z] [External Fetch] Triggering Google sync for google...
[2026-03-22T22:58:29.399Z] [External Fetch] Found 2 integrations: whatsapp, google
[2026-03-22T22:58:29.400Z] [External Fetch] Triggering Google sync for google...
[2026-03-22T22:58:29.465Z] [External Fetch] Total external events retrieved: 50
[2026-03-22T22:58:29.676Z] [External Fetch] Found 2 integrations: whatsapp, google
[2026-03-22T22:58:29.677Z] [External Fetch] Triggering Google sync for google...
[2026-03-22T22:58:29.711Z] [External Fetch] Total external events retrieved: 50
[2026-03-22T22:58:29.912Z] [External Fetch] Found 2 integrations: whatsapp, google
[2026-03-22T22:58:29.913Z] [External Fetch] Triggering Google sync for google...
[2026-03-22T22:58:29.939Z] [External Fetch] Total external events retrieved: 50
[2026-03-22T22:58:30.054Z] [External Fetch] Total external events retrieved: 50
[2026-03-22T22:59:01.946Z] [External Fetch] Found 2 integrations: whatsapp, google
[2026-03-22T22:59:01.947Z] [External Fetch] Triggering Google sync for google...
[2026-03-22T22:59:02.229Z] [External Fetch] Total external events retrieved: 50
[2026-03-22T22:59:19.954Z] [External Fetch] Found 2 integrations: whatsapp, google
[2026-03-22T22:59:19.955Z] [External Fetch] Triggering Google sync for google...
[2026-03-22T22:59:20.315Z] [External Fetch] Found 2 integrations: whatsapp, google
[2026-03-22T22:59:20.316Z] [External Fetch] Triggering Google sync for google...
[2026-03-22T22:59:20.362Z] [External Fetch] Total external events retrieved: 100
[2026-03-22T22:59:20.580Z] [External Fetch] Found 2 integrations: whatsapp, google
[2026-03-22T22:59:20.581Z] [External Fetch] Triggering Google sync for google...
[2026-03-22T22:59:20.621Z] [External Fetch] Total external events retrieved: 100
[2026-03-22T22:59:20.826Z] [External Fetch] Found 2 integrations: whatsapp, google
[2026-03-22T22:59:20.827Z] [External Fetch] Triggering Google sync for google...
[2026-03-22T22:59:20.857Z] [External Fetch] Total external events retrieved: 100
[2026-03-22T22:59:21.005Z] [External Fetch] Total external events retrieved: 100
[2026-03-22T22:59:35.431Z] [External Fetch] Found 2 integrations: whatsapp, google
[2026-03-22T22:59:35.432Z] [External Fetch] Triggering Google sync for google...
[2026-03-22T22:59:35.723Z] [External Fetch] Found 2 integrations: whatsapp, google
[2026-03-22T22:59:35.724Z] [External Fetch] Triggering Google sync for google...
[2026-03-22T22:59:35.793Z] [External Fetch] Total external events retrieved: 100
[2026-03-22T22:59:36.011Z] [External Fetch] Found 2 integrations: whatsapp, google
[2026-03-22T22:59:36.012Z] [External Fetch] Triggering Google sync for google...
[2026-03-22T22:59:36.074Z] [External Fetch] Total external events retrieved: 100
[2026-03-22T22:59:36.279Z] [External Fetch] Found 2 integrations: whatsapp, google
[2026-03-22T22:59:36.280Z] [External Fetch] Triggering Google sync for google...
[2026-03-22T22:59:36.308Z] [External Fetch] Total external events retrieved: 100
[2026-03-22T22:59:36.453Z] [External Fetch] Total external events retrieved: 100
[2026-03-22T22:59:47.958Z] [External Fetch] Found 2 integrations: whatsapp, google
[2026-03-22T22:59:47.959Z] [External Fetch] Triggering Google sync for google...
[2026-03-22T22:59:48.493Z] [External Fetch] Found 2 integrations: whatsapp, google
[2026-03-22T22:59:48.494Z] [External Fetch] Triggering Google sync for google...
[2026-03-22T22:59:49.209Z] [External Fetch] Total external events retrieved: 100
[2026-03-22T22:59:49.420Z] [External Fetch] Total external events retrieved: 100
[2026-03-22T22:59:49.627Z] [External Fetch] Found 2 integrations: whatsapp, google
[2026-03-22T22:59:49.628Z] [External Fetch] Triggering Google sync for google...
[2026-03-22T22:59:49.876Z] [External Fetch] Found 2 integrations: whatsapp, google
[2026-03-22T22:59:49.877Z] [External Fetch] Triggering Google sync for google...
[2026-03-22T22:59:49.914Z] [External Fetch] Total external events retrieved: 100
[2026-03-22T22:59:50.170Z] [External Fetch] Total external events retrieved: 100
[2026-03-22T23:00:44.819Z] [External Fetch] Found 2 integrations: whatsapp, google
[2026-03-22T23:00:44.819Z] [External Fetch] Triggering Google sync for google...
[2026-03-22T23:00:45.070Z] [External Fetch] Total external events retrieved: 100
[2026-03-22T23:00:53.996Z] [External Fetch] Found 2 integrations: whatsapp, google
[2026-03-22T23:00:53.997Z] [External Fetch] Triggering Google sync for google...
[2026-03-22T23:00:54.146Z] [External Fetch] Total external events retrieved: 100
[2026-03-22T23:00:54.522Z] [External Fetch] Found 2 integrations: whatsapp, google
[2026-03-22T23:00:54.522Z] [External Fetch] Triggering Google sync for google...
[2026-03-22T23:00:54.683Z] [External Fetch] Total external events retrieved: 100
[2026-03-22T23:01:23.162Z] [External Fetch] Found 2 integrations: whatsapp, google
[2026-03-22T23:01:23.163Z] [External Fetch] Triggering Google sync for google...
[2026-03-22T23:01:23.414Z] [External Fetch] Total external events retrieved: 100
[2026-03-22T23:03:25.631Z] [External Fetch] Found 2 integrations: whatsapp, google
[2026-03-22T23:03:25.632Z] [External Fetch] Triggering Google sync for google...
[2026-03-22T23:03:25.892Z] [External Fetch] Total external events retrieved: 100
[2026-03-22T23:03:37.972Z] [External Fetch] Found 2 integrations: whatsapp, google
[2026-03-22T23:03:37.975Z] [External Fetch] Triggering Google sync for google...
[2026-03-22T23:03:38.301Z] [External Fetch] Found 2 integrations: whatsapp, google
[2026-03-22T23:03:38.302Z] [External Fetch] Triggering Google sync for google...
[2026-03-22T23:03:38.458Z] [External Fetch] Total external events retrieved: 100
[2026-03-22T23:03:39.414Z] [External Fetch] Found 2 integrations: whatsapp, google
[2026-03-22T23:03:39.415Z] [External Fetch] Triggering Google sync for google...
[2026-03-22T23:03:39.462Z] [External Fetch] Total external events retrieved: 100
[2026-03-22T23:03:39.664Z] [External Fetch] Found 2 integrations: whatsapp, google
[2026-03-22T23:03:39.665Z] [External Fetch] Triggering Google sync for google...
[2026-03-22T23:03:39.700Z] [External Fetch] Total external events retrieved: 100
[2026-03-22T23:03:39.848Z] [External Fetch] Total external events retrieved: 100
[2026-03-22T23:03:47.439Z] [External Fetch] Found 2 integrations: whatsapp, google
[2026-03-22T23:03:47.440Z] [External Fetch] Triggering Google sync for google...
[2026-03-22T23:03:47.663Z] [External Fetch] Total external events retrieved: 100
[2026-03-22T23:04:00.756Z] [External Fetch] Found 2 integrations: whatsapp, google
[2026-03-22T23:04:00.757Z] [External Fetch] Triggering Google sync for google...
[2026-03-22T23:04:01.004Z] [External Fetch] Total external events retrieved: 100
[2026-03-22T23:04:19.125Z] [External Fetch] Found 2 integrations: whatsapp, google
[2026-03-22T23:04:19.126Z] [External Fetch] Triggering Google sync for google...
[2026-03-22T23:04:19.451Z] [External Fetch] Found 2 integrations: whatsapp, google
[2026-03-22T23:04:19.452Z] [External Fetch] Triggering Google sync for google...
[2026-03-22T23:04:19.497Z] [External Fetch] Total external events retrieved: 100
[2026-03-22T23:04:19.738Z] [External Fetch] Found 2 integrations: whatsapp, google
[2026-03-22T23:04:19.739Z] [External Fetch] Triggering Google sync for google...
[2026-03-22T23:04:20.011Z] [External Fetch] Found 2 integrations: whatsapp, google
[2026-03-22T23:04:20.012Z] [External Fetch] Triggering Google sync for google...
[2026-03-22T23:04:20.067Z] [External Fetch] Total external events retrieved: 100
[2026-03-22T23:04:20.146Z] [External Fetch] Total external events retrieved: 100
[2026-03-22T23:04:20.313Z] [External Fetch] Total external events retrieved: 100
[2026-03-22T23:04:24.796Z] [External Fetch] Found 2 integrations: whatsapp, google
[2026-03-22T23:04:24.797Z] [External Fetch] Triggering Google sync for google...
[2026-03-22T23:04:24.944Z] [External Fetch] Total external events retrieved: 100
[2026-03-22T23:04:32.099Z] [External Fetch] Found 2 integrations: whatsapp, google
[2026-03-22T23:04:32.100Z] [External Fetch] Triggering Google sync for google...
[2026-03-22T23:04:32.443Z] [External Fetch] Total external events retrieved: 100
[2026-03-22T23:06:22.937Z] [External Fetch] Found 2 integrations: whatsapp, google
[2026-03-22T23:06:22.938Z] [External Fetch] Triggering Google sync for google...
[2026-03-22T23:06:23.238Z] [External Fetch] Total external events retrieved: 100
[2026-03-22T23:06:23.300Z] [External Fetch] Found 2 integrations: whatsapp, google
[2026-03-22T23:06:23.301Z] [External Fetch] Triggering Google sync for google...
[2026-03-22T23:06:23.472Z] [External Fetch] Total external events retrieved: 100
[2026-03-22T23:06:29.020Z] [External Fetch] Found 2 integrations: whatsapp, google
[2026-03-22T23:06:29.021Z] [External Fetch] Triggering Google sync for google...
[2026-03-22T23:06:29.287Z] [External Fetch] Total external events retrieved: 100
[2026-03-22T23:07:26.672Z] [External Fetch] Found 2 integrations: whatsapp, google
[2026-03-22T23:07:26.673Z] [External Fetch] Triggering Google sync for google...
[2026-03-22T23:07:26.924Z] [External Fetch] Total external events retrieved: 100
[2026-03-22T23:07:33.089Z] [External Fetch] Found 2 integrations: whatsapp, google
[2026-03-22T23:07:33.090Z] [External Fetch] Triggering Google sync for google...
[2026-03-22T23:07:33.153Z] [External Fetch] Found 2 integrations: whatsapp, google
[2026-03-22T23:07:33.154Z] [External Fetch] Triggering Google sync for google...
[2026-03-22T23:07:33.277Z] [External Fetch] Total external events retrieved: 100
[2026-03-22T23:07:33.410Z] [External Fetch] Total external events retrieved: 100
[2026-03-22T23:07:35.822Z] [External Fetch] Found 2 integrations: whatsapp, google
[2026-03-22T23:07:35.825Z] [External Fetch] Triggering Google sync for google...
[2026-03-22T23:07:36.110Z] [External Fetch] Total external events retrieved: 100
[2026-03-22T23:07:53.338Z] [External Fetch] Found 2 integrations: whatsapp, google
[2026-03-22T23:07:53.340Z] [External Fetch] Triggering Google sync for google...
[2026-03-22T23:07:53.605Z] [External Fetch] Total external events retrieved: 100
[2026-03-22T23:08:53.316Z] [External Fetch] Found 2 integrations: whatsapp, google
[2026-03-22T23:08:53.317Z] [External Fetch] Triggering Google sync for google...
[2026-03-22T23:08:53.558Z] [External Fetch] Total external events retrieved: 100
[2026-03-22T23:09:31.811Z] [External Fetch] Found 2 integrations: whatsapp, google
[2026-03-22T23:09:31.812Z] [External Fetch] Triggering Google sync for google...
[2026-03-22T23:09:32.128Z] [External Fetch] Found 2 integrations: whatsapp, google
[2026-03-22T23:09:32.129Z] [External Fetch] Triggering Google sync for google...
[2026-03-22T23:09:32.193Z] [External Fetch] Total external events retrieved: 100
[2026-03-22T23:09:32.415Z] [External Fetch] Found 2 integrations: whatsapp, google
[2026-03-22T23:09:32.416Z] [External Fetch] Triggering Google sync for google...
[2026-03-22T23:09:32.465Z] [External Fetch] Total external events retrieved: 100
[2026-03-22T23:09:32.675Z] [External Fetch] Found 2 integrations: whatsapp, google
[2026-03-22T23:09:32.676Z] [External Fetch] Triggering Google sync for google...
[2026-03-22T23:09:32.706Z] [External Fetch] Total external events retrieved: 100
[2026-03-22T23:09:32.837Z] [External Fetch] Total external events retrieved: 100
[2026-03-22T23:09:45.382Z] [External Fetch] Found 2 integrations: whatsapp, google
[2026-03-22T23:09:45.383Z] [External Fetch] Triggering Google sync for google...
[2026-03-22T23:09:45.874Z] [External Fetch] Total external events retrieved: 100
[2026-03-22T23:10:05.611Z] [External Fetch] Found 2 integrations: whatsapp, google
[2026-03-22T23:10:05.612Z] [External Fetch] Triggering Google sync for google...
[2026-03-22T23:10:06.738Z] [External Fetch] Found 2 integrations: whatsapp, google
[2026-03-22T23:10:06.739Z] [External Fetch] Triggering Google sync for google...
[2026-03-22T23:10:06.797Z] [External Fetch] Total external events retrieved: 100
[2026-03-22T23:10:07.012Z] [External Fetch] Found 2 integrations: whatsapp, google
[2026-03-22T23:10:07.013Z] [External Fetch] Triggering Google sync for google...
[2026-03-22T23:10:07.060Z] [External Fetch] Total external events retrieved: 100
[2026-03-22T23:10:07.273Z] [External Fetch] Found 2 integrations: whatsapp, google
[2026-03-22T23:10:07.274Z] [External Fetch] Triggering Google sync for google...
[2026-03-22T23:10:07.312Z] [External Fetch] Total external events retrieved: 100
[2026-03-22T23:10:07.430Z] [External Fetch] Total external events retrieved: 100
[2026-03-22T23:10:09.730Z] [External Fetch] Found 2 integrations: whatsapp, google
[2026-03-22T23:10:09.731Z] [External Fetch] Triggering Google sync for google...
[2026-03-22T23:10:09.890Z] [External Fetch] Total external events retrieved: 100
[2026-03-22T23:10:21.021Z] [External Fetch] Found 2 integrations: whatsapp, google
[2026-03-22T23:10:21.022Z] [External Fetch] Triggering Google sync for google...
[2026-03-22T23:10:21.319Z] [External Fetch] Total external events retrieved: 100
[2026-03-22T23:12:59.440Z] [External Fetch] Found 2 integrations: whatsapp, google
[2026-03-22T23:12:59.441Z] [External Fetch] Triggering Google sync for google...
[2026-03-22T23:12:59.719Z] [External Fetch] Total external events retrieved: 100
[2026-03-22T23:17:28.995Z] [External Fetch] Found 2 integrations: whatsapp, google
[2026-03-22T23:17:28.998Z] [External Fetch] Triggering Google sync for google...
[2026-03-22T23:17:29.317Z] [External Fetch] Total external events retrieved: 100
[2026-03-22T23:17:34.830Z] [External Fetch] Found 2 integrations: whatsapp, google
[2026-03-22T23:17:34.831Z] [External Fetch] Triggering Google sync for google...
[2026-03-22T23:17:34.884Z] [External Fetch] Found 2 integrations: whatsapp, google
[2026-03-22T23:17:34.885Z] [External Fetch] Triggering Google sync for google...
[2026-03-22T23:17:34.975Z] [External Fetch] Total external events retrieved: 100
[2026-03-22T23:17:35.143Z] [External Fetch] Total external events retrieved: 100
[2026-03-22T23:17:41.368Z] [External Fetch] Found 2 integrations: whatsapp, google
[2026-03-22T23:17:41.375Z] [External Fetch] Triggering Google sync for google...
[2026-03-22T23:17:41.876Z] [External Fetch] Total external events retrieved: 100
[2026-03-22T23:17:59.903Z] [External Fetch] Found 2 integrations: whatsapp, google
[2026-03-22T23:17:59.904Z] [External Fetch] Triggering Google sync for google...
[2026-03-22T23:18:00.152Z] [External Fetch] Total external events retrieved: 100
[2026-03-22T23:18:03.988Z] [External Fetch] Found 2 integrations: whatsapp, google
[2026-03-22T23:18:03.989Z] [External Fetch] Triggering Google sync for google...
[2026-03-22T23:18:04.145Z] [External Fetch] Total external events retrieved: 100
[2026-03-22T23:18:07.809Z] [External Fetch] Found 2 integrations: whatsapp, google
[2026-03-22T23:18:07.810Z] [External Fetch] Triggering Google sync for google...
[2026-03-22T23:18:07.979Z] [External Fetch] Total external events retrieved: 100
[2026-03-22T23:18:19.589Z] [External Fetch] Found 2 integrations: whatsapp, google
[2026-03-22T23:18:19.590Z] [External Fetch] Triggering Google sync for google...
[2026-03-22T23:18:19.834Z] [External Fetch] Total external events retrieved: 100
[2026-03-22T23:26:09.105Z] [External Fetch] Found 2 integrations: whatsapp, google
[2026-03-22T23:26:09.106Z] [External Fetch] Triggering Google sync for google...
[2026-03-22T23:26:09.387Z] [External Fetch] Total external events retrieved: 100
[2026-03-22T23:26:12.337Z] [External Fetch] Found 2 integrations: whatsapp, google
[2026-03-22T23:26:12.338Z] [External Fetch] Triggering Google sync for google...
[2026-03-22T23:26:12.531Z] [External Fetch] Total external events retrieved: 100
[2026-03-22T23:26:15.123Z] [External Fetch] Found 2 integrations: whatsapp, google
[2026-03-22T23:26:15.124Z] [External Fetch] Triggering Google sync for google...
[2026-03-22T23:26:15.291Z] [External Fetch] Total external events retrieved: 100
[2026-03-22T23:26:18.119Z] [External Fetch] Found 2 integrations: whatsapp, google
[2026-03-22T23:26:18.120Z] [External Fetch] Triggering Google sync for google...
[2026-03-22T23:26:18.275Z] [External Fetch] Total external events retrieved: 100
[2026-03-22T23:26:21.487Z] [External Fetch] Found 2 integrations: whatsapp, google
[2026-03-22T23:26:21.488Z] [External Fetch] Triggering Google sync for google...
[2026-03-22T23:26:21.667Z] [External Fetch] Total external events retrieved: 100
[2026-03-22T23:26:23.952Z] [External Fetch] Found 2 integrations: whatsapp, google
[2026-03-22T23:26:23.953Z] [External Fetch] Triggering Google sync for google...
[2026-03-22T23:26:24.138Z] [External Fetch] Total external events retrieved: 100
[2026-03-22T23:26:30.882Z] [External Fetch] Found 2 integrations: whatsapp, google
[2026-03-22T23:26:30.883Z] [External Fetch] Triggering Google sync for google...
[2026-03-22T23:26:31.118Z] [External Fetch] Total external events retrieved: 100
[2026-03-22T23:26:52.187Z] [External Fetch] Found 2 integrations: whatsapp, google
[2026-03-22T23:26:52.188Z] [External Fetch] Triggering Google sync for google...
[2026-03-22T23:26:52.391Z] [External Fetch] Found 2 integrations: whatsapp, google
[2026-03-22T23:26:52.392Z] [External Fetch] Triggering Google sync for google...
[2026-03-22T23:26:52.471Z] [External Fetch] Total external events retrieved: 100
[2026-03-22T23:26:52.658Z] [External Fetch] Total external events retrieved: 100
[2026-03-22T23:28:00.094Z] [External Fetch] Found 2 integrations: whatsapp, google
[2026-03-22T23:28:00.095Z] [External Fetch] Triggering Google sync for google...
[2026-03-22T23:28:00.332Z] [External Fetch] Total external events retrieved: 100
[2026-03-22T23:28:02.827Z] [External Fetch] Found 2 integrations: whatsapp, google
[2026-03-22T23:28:02.828Z] [External Fetch] Triggering Google sync for google...
[2026-03-22T23:28:03.022Z] [External Fetch] Total external events retrieved: 100
[2026-03-22T23:28:05.232Z] [External Fetch] Found 2 integrations: whatsapp, google
[2026-03-22T23:28:05.233Z] [External Fetch] Triggering Google sync for google...
[2026-03-22T23:28:05.423Z] [External Fetch] Total external events retrieved: 100
[2026-03-22T23:29:19.532Z] [External Fetch] Found 2 integrations: whatsapp, google
[2026-03-22T23:29:19.533Z] [External Fetch] Triggering Google sync for google...
[2026-03-22T23:29:19.546Z] [External Fetch] Found 2 integrations: whatsapp, google
[2026-03-22T23:29:19.547Z] [External Fetch] Triggering Google sync for google...
[2026-03-22T23:29:19.814Z] [External Fetch] Total external events retrieved: 100
[2026-03-22T23:29:19.847Z] [External Fetch] Total external events retrieved: 100
[2026-03-22T23:32:45.970Z] [External Fetch] Found 2 integrations: whatsapp, google
[2026-03-22T23:32:45.972Z] [External Fetch] Triggering Google sync for google...
[2026-03-22T23:32:46.284Z] [External Fetch] Total external events retrieved: 100
[2026-03-22T23:32:48.948Z] [External Fetch] Found 2 integrations: whatsapp, google
[2026-03-22T23:32:48.949Z] [External Fetch] Triggering Google sync for google...
[2026-03-22T23:32:49.102Z] [External Fetch] Total external events retrieved: 100
[2026-03-22T23:32:51.030Z] [External Fetch] Found 2 integrations: whatsapp, google
[2026-03-22T23:32:51.031Z] [External Fetch] Triggering Google sync for google...
[2026-03-22T23:32:51.191Z] [External Fetch] Total external events retrieved: 100
[2026-03-22T23:33:12.673Z] [External Fetch] Found 2 integrations: whatsapp, google
[2026-03-22T23:33:12.674Z] [External Fetch] Triggering Google sync for google...
[2026-03-22T23:33:12.707Z] [External Fetch] Found 2 integrations: whatsapp, google
[2026-03-22T23:33:12.708Z] [External Fetch] Triggering Google sync for google...
[2026-03-22T23:33:12.942Z] [External Fetch] Total external events retrieved: 100
[2026-03-22T23:33:12.979Z] [External Fetch] Total external events retrieved: 100
[2026-03-22T23:33:28.205Z] [External Fetch] Found 2 integrations: whatsapp, google
[2026-03-22T23:33:28.206Z] [External Fetch] Triggering Google sync for google...
[2026-03-22T23:33:28.438Z] [External Fetch] Total external events retrieved: 100
[2026-03-22T23:33:32.104Z] [External Fetch] Found 2 integrations: whatsapp, google
[2026-03-22T23:33:32.105Z] [External Fetch] Triggering Google sync for google...
[2026-03-22T23:33:32.265Z] [External Fetch] Total external events retrieved: 100
[2026-03-22T23:33:34.394Z] [External Fetch] Found 2 integrations: whatsapp, google
[2026-03-22T23:33:34.395Z] [External Fetch] Triggering Google sync for google...
[2026-03-22T23:33:34.558Z] [External Fetch] Total external events retrieved: 100
[2026-03-22T23:34:02.568Z] [External Fetch] Found 2 integrations: whatsapp, google
[2026-03-22T23:34:02.569Z] [External Fetch] Triggering Google sync for google...
[2026-03-22T23:34:02.581Z] [External Fetch] Found 2 integrations: whatsapp, google
[2026-03-22T23:34:02.582Z] [External Fetch] Triggering Google sync for google...
[2026-03-22T23:34:02.822Z] [External Fetch] Total external events retrieved: 100
[2026-03-22T23:34:02.856Z] [External Fetch] Total external events retrieved: 100
[2026-03-22T23:38:07.028Z] [External Fetch] Found 2 integrations: whatsapp, google
[2026-03-22T23:38:07.030Z] [External Fetch] Triggering Google sync for google...
[2026-03-22T23:38:07.423Z] [External Fetch] Found 2 integrations: whatsapp, google
[2026-03-22T23:38:07.424Z] [External Fetch] Triggering Google sync for google...
[2026-03-22T23:38:07.497Z] [External Fetch] Total external events retrieved: 100
[2026-03-22T23:38:07.725Z] [External Fetch] Found 2 integrations: whatsapp, google
[2026-03-22T23:38:07.726Z] [External Fetch] Triggering Google sync for google...
[2026-03-22T23:38:07.785Z] [External Fetch] Total external events retrieved: 100
[2026-03-22T23:38:08.002Z] [External Fetch] Found 2 integrations: whatsapp, google
[2026-03-22T23:38:08.004Z] [External Fetch] Triggering Google sync for google...
[2026-03-22T23:38:08.031Z] [External Fetch] Total external events retrieved: 100
[2026-03-22T23:38:08.192Z] [External Fetch] Total external events retrieved: 100
[2026-03-22T23:38:37.000Z] [External Fetch] Found 2 integrations: whatsapp, google
[2026-03-22T23:38:37.001Z] [External Fetch] Triggering Google sync for google...
[2026-03-22T23:38:37.359Z] [External Fetch] Found 2 integrations: whatsapp, google
[2026-03-22T23:38:37.360Z] [External Fetch] Triggering Google sync for google...
[2026-03-22T23:38:37.423Z] [External Fetch] Total external events retrieved: 100
[2026-03-22T23:38:37.637Z] [External Fetch] Found 2 integrations: whatsapp, google
[2026-03-22T23:38:37.638Z] [External Fetch] Triggering Google sync for google...
[2026-03-22T23:38:37.681Z] [External Fetch] Total external events retrieved: 100
[2026-03-22T23:38:37.898Z] [External Fetch] Found 2 integrations: whatsapp, google
[2026-03-22T23:38:37.899Z] [External Fetch] Triggering Google sync for google...
[2026-03-22T23:38:37.944Z] [External Fetch] Total external events retrieved: 100
[2026-03-22T23:38:38.049Z] [External Fetch] Total external events retrieved: 100
[2026-03-22T23:38:50.057Z] [External Fetch] Found 2 integrations: whatsapp, google
[2026-03-22T23:38:50.092Z] [External Fetch] Triggering Google sync for google...
[2026-03-22T23:38:50.507Z] [External Fetch] Found 2 integrations: whatsapp, google
[2026-03-22T23:38:50.509Z] [External Fetch] Triggering Google sync for google...
[2026-03-22T23:38:50.722Z] [External Fetch] Total external events retrieved: 100
[2026-03-22T23:38:51.904Z] [External Fetch] Found 2 integrations: whatsapp, google
[2026-03-22T23:38:51.905Z] [External Fetch] Triggering Google sync for google...
[2026-03-22T23:38:51.950Z] [External Fetch] Total external events retrieved: 100
[2026-03-22T23:38:52.178Z] [External Fetch] Found 2 integrations: whatsapp, google
[2026-03-22T23:38:52.179Z] [External Fetch] Triggering Google sync for google...
[2026-03-22T23:38:52.210Z] [External Fetch] Total external events retrieved: 100
[2026-03-22T23:38:52.337Z] [External Fetch] Total external events retrieved: 100
[2026-03-23T00:19:34.238Z] [External Fetch] Found 2 integrations: whatsapp, google
[2026-03-23T00:19:34.239Z] [External Fetch] Triggering Google sync for google...
[2026-03-23T00:19:35.064Z] [External Fetch] Total external events retrieved: 100
[2026-03-23T00:20:42.511Z] [External Fetch] Found 2 integrations: whatsapp, google
[2026-03-23T00:20:42.512Z] [External Fetch] Triggering Google sync for google...
[2026-03-23T00:20:42.804Z] [External Fetch] Total external events retrieved: 100
[2026-03-23T00:20:44.524Z] [External Fetch] Found 2 integrations: whatsapp, google
[2026-03-23T00:20:44.525Z] [External Fetch] Triggering Google sync for google...
[2026-03-23T00:20:44.702Z] [External Fetch] Total external events retrieved: 100
[2026-03-23T00:21:26.468Z] [External Fetch] Found 2 integrations: whatsapp, google
[2026-03-23T00:21:26.469Z] [External Fetch] Triggering Google sync for google...
[2026-03-23T00:21:26.728Z] [External Fetch] Total external events retrieved: 100
[2026-03-23T00:23:57.834Z] [External Fetch] Found 2 integrations: whatsapp, google
[2026-03-23T00:23:57.837Z] [External Fetch] Triggering Google sync for google...
[2026-03-23T00:23:58.229Z] [External Fetch] Total external events retrieved: 100
[2026-03-23T00:38:06.721Z] [External Fetch] Found 2 integrations: whatsapp, google
[2026-03-23T00:38:06.722Z] [External Fetch] Triggering Google sync for google...
[2026-03-23T00:38:07.228Z] [External Fetch] Total external events retrieved: 100
[2026-03-23T00:38:07.748Z] [External Fetch] Found 2 integrations: whatsapp, google
[2026-03-23T00:38:07.749Z] [External Fetch] Triggering Google sync for google...
[2026-03-23T00:38:07.944Z] [External Fetch] Total external events retrieved: 100
[2026-03-23T00:38:29.194Z] [External Fetch] Found 2 integrations: whatsapp, google
[2026-03-23T00:38:29.195Z] [External Fetch] Triggering Google sync for google...
[2026-03-23T00:38:29.504Z] [External Fetch] Found 2 integrations: whatsapp, google
[2026-03-23T00:38:29.505Z] [External Fetch] Triggering Google sync for google...
[2026-03-23T00:38:29.566Z] [External Fetch] Total external events retrieved: 100
[2026-03-23T00:38:29.864Z] [External Fetch] Found 2 integrations: whatsapp, google
[2026-03-23T00:38:29.865Z] [External Fetch] Triggering Google sync for google...
[2026-03-23T00:38:29.908Z] [External Fetch] Total external events retrieved: 100
[2026-03-23T00:38:30.131Z] [External Fetch] Found 2 integrations: whatsapp, google
[2026-03-23T00:38:30.132Z] [External Fetch] Triggering Google sync for google...
[2026-03-23T00:38:30.193Z] [External Fetch] Total external events retrieved: 100
[2026-03-23T00:38:30.423Z] [External Fetch] Found 2 integrations: whatsapp, google
[2026-03-23T00:38:30.424Z] [External Fetch] Triggering Google sync for google...
[2026-03-23T00:38:30.466Z] [External Fetch] Total external events retrieved: 100
[2026-03-23T00:38:30.680Z] [External Fetch] Found 2 integrations: whatsapp, google
[2026-03-23T00:38:30.681Z] [External Fetch] Triggering Google sync for google...
[2026-03-23T00:38:30.732Z] [External Fetch] Total external events retrieved: 100
[2026-03-23T00:38:30.927Z] [External Fetch] Found 2 integrations: whatsapp, google
[2026-03-23T00:38:30.928Z] [External Fetch] Triggering Google sync for google...
[2026-03-23T00:38:30.970Z] [External Fetch] Total external events retrieved: 100
[2026-03-23T00:38:31.192Z] [External Fetch] Found 2 integrations: whatsapp, google
[2026-03-23T00:38:31.193Z] [External Fetch] Triggering Google sync for google...
[2026-03-23T00:38:31.236Z] [External Fetch] Total external events retrieved: 100
[2026-03-23T00:38:31.452Z] [External Fetch] Found 2 integrations: whatsapp, google
[2026-03-23T00:38:31.453Z] [External Fetch] Triggering Google sync for google...
[2026-03-23T00:38:31.496Z] [External Fetch] Total external events retrieved: 100
[2026-03-23T00:38:31.681Z] [External Fetch] Found 2 integrations: whatsapp, google
[2026-03-23T00:38:31.685Z] [External Fetch] Triggering Google sync for google...
[2026-03-23T00:38:31.741Z] [External Fetch] Total external events retrieved: 100
[2026-03-23T00:38:31.943Z] [External Fetch] Found 2 integrations: whatsapp, google
[2026-03-23T00:38:31.944Z] [External Fetch] Triggering Google sync for google...
[2026-03-23T00:38:31.995Z] [External Fetch] Total external events retrieved: 100
[2026-03-23T00:38:32.186Z] [External Fetch] Found 2 integrations: whatsapp, google
[2026-03-23T00:38:32.187Z] [External Fetch] Triggering Google sync for google...
[2026-03-23T00:38:32.230Z] [External Fetch] Total external events retrieved: 100
[2026-03-23T00:38:32.437Z] [External Fetch] Found 2 integrations: whatsapp, google
[2026-03-23T00:38:32.438Z] [External Fetch] Triggering Google sync for google...
[2026-03-23T00:38:32.478Z] [External Fetch] Total external events retrieved: 100
[2026-03-23T00:38:32.687Z] [External Fetch] Found 2 integrations: whatsapp, google
[2026-03-23T00:38:32.688Z] [External Fetch] Triggering Google sync for google...
[2026-03-23T00:38:32.741Z] [External Fetch] Total external events retrieved: 100
[2026-03-23T00:38:32.937Z] [External Fetch] Found 2 integrations: whatsapp, google
[2026-03-23T00:38:32.937Z] [External Fetch] Triggering Google sync for google...
[2026-03-23T00:38:32.981Z] [External Fetch] Total external events retrieved: 100
[2026-03-23T00:38:33.226Z] [External Fetch] Found 2 integrations: whatsapp, google
[2026-03-23T00:38:33.227Z] [External Fetch] Triggering Google sync for google...
[2026-03-23T00:38:33.341Z] [External Fetch] Total external events retrieved: 100
[2026-03-23T00:38:33.398Z] [External Fetch] Total external events retrieved: 100
[2026-03-23T00:38:33.563Z] [External Fetch] Found 2 integrations: whatsapp, google
[2026-03-23T00:38:33.564Z] [External Fetch] Triggering Google sync for google...
[2026-03-23T00:38:33.783Z] [External Fetch] Found 2 integrations: whatsapp, google
[2026-03-23T00:38:33.784Z] [External Fetch] Triggering Google sync for google...
[2026-03-23T00:38:33.830Z] [External Fetch] Total external events retrieved: 100
[2026-03-23T00:38:34.019Z] [External Fetch] Found 2 integrations: whatsapp, google
[2026-03-23T00:38:34.020Z] [External Fetch] Triggering Google sync for google...
[2026-03-23T00:38:34.062Z] [External Fetch] Total external events retrieved: 100
[2026-03-23T00:38:34.265Z] [External Fetch] Found 2 integrations: whatsapp, google
[2026-03-23T00:38:34.266Z] [External Fetch] Triggering Google sync for google...
[2026-03-23T00:38:34.307Z] [External Fetch] Total external events retrieved: 100
[2026-03-23T00:38:34.515Z] [External Fetch] Found 2 integrations: whatsapp, google
[2026-03-23T00:38:34.516Z] [External Fetch] Triggering Google sync for google...
[2026-03-23T00:38:34.556Z] [External Fetch] Total external events retrieved: 100
[2026-03-23T00:38:34.762Z] [External Fetch] Found 2 integrations: whatsapp, google
[2026-03-23T00:38:34.763Z] [External Fetch] Triggering Google sync for google...
[2026-03-23T00:38:34.806Z] [External Fetch] Total external events retrieved: 100
[2026-03-23T00:38:35.018Z] [External Fetch] Found 2 integrations: whatsapp, google
[2026-03-23T00:38:35.019Z] [External Fetch] Triggering Google sync for google...
[2026-03-23T00:38:35.059Z] [External Fetch] Total external events retrieved: 100
[2026-03-23T00:38:35.262Z] [External Fetch] Found 2 integrations: whatsapp, google
[2026-03-23T00:38:35.263Z] [External Fetch] Triggering Google sync for google...
[2026-03-23T00:38:35.299Z] [External Fetch] Total external events retrieved: 100
[2026-03-23T00:38:35.503Z] [External Fetch] Found 2 integrations: whatsapp, google
[2026-03-23T00:38:35.504Z] [External Fetch] Triggering Google sync for google...
[2026-03-23T00:38:35.557Z] [External Fetch] Total external events retrieved: 100
[2026-03-23T00:38:35.734Z] [External Fetch] Found 2 integrations: whatsapp, google
[2026-03-23T00:38:35.735Z] [External Fetch] Triggering Google sync for google...
[2026-03-23T00:38:35.769Z] [External Fetch] Total external events retrieved: 100
[2026-03-23T00:38:35.977Z] [External Fetch] Found 2 integrations: whatsapp, google
[2026-03-23T00:38:35.978Z] [External Fetch] Triggering Google sync for google...
[2026-03-23T00:38:36.018Z] [External Fetch] Total external events retrieved: 100
[2026-03-23T00:38:36.230Z] [External Fetch] Found 2 integrations: whatsapp, google
[2026-03-23T00:38:36.231Z] [External Fetch] Triggering Google sync for google...
[2026-03-23T00:38:36.267Z] [External Fetch] Total external events retrieved: 100
[2026-03-23T00:38:36.459Z] [External Fetch] Found 2 integrations: whatsapp, google
[2026-03-23T00:38:36.460Z] [External Fetch] Triggering Google sync for google...
[2026-03-23T00:38:36.499Z] [External Fetch] Total external events retrieved: 100
[2026-03-23T00:38:36.700Z] [External Fetch] Found 2 integrations: whatsapp, google
[2026-03-23T00:38:36.701Z] [External Fetch] Triggering Google sync for google...
[2026-03-23T00:38:36.757Z] [External Fetch] Total external events retrieved: 100
[2026-03-23T00:38:36.951Z] [External Fetch] Found 2 integrations: whatsapp, google
[2026-03-23T00:38:36.952Z] [External Fetch] Triggering Google sync for google...
[2026-03-23T00:38:36.986Z] [External Fetch] Total external events retrieved: 100
[2026-03-23T00:38:37.175Z] [External Fetch] Found 2 integrations: whatsapp, google
[2026-03-23T00:38:37.176Z] [External Fetch] Triggering Google sync for google...
[2026-03-23T00:38:37.216Z] [External Fetch] Total external events retrieved: 100
[2026-03-23T00:38:37.408Z] [External Fetch] Found 2 integrations: whatsapp, google
[2026-03-23T00:38:37.409Z] [External Fetch] Triggering Google sync for google...
[2026-03-23T00:38:37.447Z] [External Fetch] Total external events retrieved: 100
[2026-03-23T00:38:37.639Z] [External Fetch] Found 2 integrations: whatsapp, google
[2026-03-23T00:38:37.640Z] [External Fetch] Triggering Google sync for google...
[2026-03-23T00:38:37.684Z] [External Fetch] Total external events retrieved: 100
[2026-03-23T00:38:37.882Z] [External Fetch] Found 2 integrations: whatsapp, google
[2026-03-23T00:38:37.883Z] [External Fetch] Triggering Google sync for google...
[2026-03-23T00:38:37.919Z] [External Fetch] Total external events retrieved: 100
[2026-03-23T00:38:38.123Z] [External Fetch] Found 2 integrations: whatsapp, google
[2026-03-23T00:38:38.124Z] [External Fetch] Triggering Google sync for google...
[2026-03-23T00:38:38.161Z] [External Fetch] Total external events retrieved: 100
[2026-03-23T00:38:38.360Z] [External Fetch] Found 2 integrations: whatsapp, google
[2026-03-23T00:38:38.361Z] [External Fetch] Triggering Google sync for google...
[2026-03-23T00:38:38.407Z] [External Fetch] Total external events retrieved: 100
[2026-03-23T00:38:38.624Z] [External Fetch] Found 2 integrations: whatsapp, google
[2026-03-23T00:38:38.625Z] [External Fetch] Triggering Google sync for google...
[2026-03-23T00:38:38.663Z] [External Fetch] Total external events retrieved: 100
[2026-03-23T00:38:38.888Z] [External Fetch] Found 2 integrations: whatsapp, google
[2026-03-23T00:38:38.889Z] [External Fetch] Triggering Google sync for google...
[2026-03-23T00:38:38.928Z] [External Fetch] Total external events retrieved: 100
[2026-03-23T00:38:39.128Z] [External Fetch] Found 2 integrations: whatsapp, google
[2026-03-23T00:38:39.129Z] [External Fetch] Triggering Google sync for google...
[2026-03-23T00:38:39.163Z] [External Fetch] Total external events retrieved: 100
[2026-03-23T00:38:39.368Z] [External Fetch] Found 2 integrations: whatsapp, google
[2026-03-23T00:38:39.369Z] [External Fetch] Triggering Google sync for google...
[2026-03-23T00:38:39.411Z] [External Fetch] Total external events retrieved: 100
[2026-03-23T00:38:39.665Z] [External Fetch] Found 2 integrations: whatsapp, google
[2026-03-23T00:38:39.665Z] [External Fetch] Triggering Google sync for google...
[2026-03-23T00:38:39.701Z] [External Fetch] Total external events retrieved: 100
[2026-03-23T00:38:39.895Z] [External Fetch] Found 2 integrations: whatsapp, google
[2026-03-23T00:38:39.896Z] [External Fetch] Triggering Google sync for google...
[2026-03-23T00:38:39.933Z] [External Fetch] Total external events retrieved: 100
[2026-03-23T00:38:40.134Z] [External Fetch] Found 2 integrations: whatsapp, google
[2026-03-23T00:38:40.135Z] [External Fetch] Triggering Google sync for google...
[2026-03-23T00:38:40.184Z] [External Fetch] Total external events retrieved: 100
[2026-03-23T00:38:40.378Z] [External Fetch] Found 2 integrations: whatsapp, google
[2026-03-23T00:38:40.379Z] [External Fetch] Triggering Google sync for google...
[2026-03-23T00:38:40.417Z] [External Fetch] Total external events retrieved: 100
[2026-03-23T00:38:40.623Z] [External Fetch] Found 2 integrations: whatsapp, google
[2026-03-23T00:38:40.624Z] [External Fetch] Triggering Google sync for google...
[2026-03-23T00:38:40.662Z] [External Fetch] Total external events retrieved: 100
[2026-03-23T00:38:40.858Z] [External Fetch] Found 2 integrations: whatsapp, google
[2026-03-23T00:38:40.859Z] [External Fetch] Triggering Google sync for google...
[2026-03-23T00:38:40.894Z] [External Fetch] Total external events retrieved: 100
[2026-03-23T00:38:41.105Z] [External Fetch] Found 2 integrations: whatsapp, google
[2026-03-23T00:38:41.106Z] [External Fetch] Triggering Google sync for google...
[2026-03-23T00:38:41.141Z] [External Fetch] Total external events retrieved: 100
[2026-03-23T00:38:41.353Z] [External Fetch] Found 2 integrations: whatsapp, google
[2026-03-23T00:38:41.354Z] [External Fetch] Triggering Google sync for google...
[2026-03-23T00:38:41.392Z] [External Fetch] Total external events retrieved: 100
[2026-03-23T00:38:41.587Z] [External Fetch] Found 2 integrations: whatsapp, google
[2026-03-23T00:38:41.588Z] [External Fetch] Triggering Google sync for google...
[2026-03-23T00:38:41.625Z] [External Fetch] Total external events retrieved: 100
[2026-03-23T00:38:41.830Z] [External Fetch] Found 2 integrations: whatsapp, google
[2026-03-23T00:38:41.831Z] [External Fetch] Triggering Google sync for google...
[2026-03-23T00:38:41.880Z] [External Fetch] Total external events retrieved: 100
[2026-03-23T00:38:42.090Z] [External Fetch] Found 2 integrations: whatsapp, google
[2026-03-23T00:38:42.091Z] [External Fetch] Triggering Google sync for google...
[2026-03-23T00:38:42.128Z] [External Fetch] Total external events retrieved: 100
[2026-03-23T00:38:42.337Z] [External Fetch] Found 2 integrations: whatsapp, google
[2026-03-23T00:38:42.338Z] [External Fetch] Triggering Google sync for google...
[2026-03-23T00:38:42.379Z] [External Fetch] Total external events retrieved: 100
[2026-03-23T00:38:42.587Z] [External Fetch] Found 2 integrations: whatsapp, google
[2026-03-23T00:38:42.588Z] [External Fetch] Triggering Google sync for google...
[2026-03-23T00:38:42.624Z] [External Fetch] Total external events retrieved: 100
[2026-03-23T00:38:42.825Z] [External Fetch] Found 2 integrations: whatsapp, google
[2026-03-23T00:38:42.826Z] [External Fetch] Triggering Google sync for google...
[2026-03-23T00:38:42.879Z] [External Fetch] Total external events retrieved: 100
[2026-03-23T00:38:43.124Z] [External Fetch] Found 2 integrations: whatsapp, google
[2026-03-23T00:38:43.125Z] [External Fetch] Triggering Google sync for google...
[2026-03-23T00:38:43.169Z] [External Fetch] Total external events retrieved: 100
[2026-03-23T00:38:43.380Z] [External Fetch] Found 2 integrations: whatsapp, google
[2026-03-23T00:38:43.380Z] [External Fetch] Triggering Google sync for google...
[2026-03-23T00:38:43.420Z] [External Fetch] Total external events retrieved: 100
[2026-03-23T00:38:43.630Z] [External Fetch] Found 2 integrations: whatsapp, google
[2026-03-23T00:38:43.631Z] [External Fetch] Triggering Google sync for google...
[2026-03-23T00:38:43.680Z] [External Fetch] Total external events retrieved: 100
[2026-03-23T00:38:43.865Z] [External Fetch] Found 2 integrations: whatsapp, google
[2026-03-23T00:38:43.865Z] [External Fetch] Triggering Google sync for google...
[2026-03-23T00:38:43.903Z] [External Fetch] Total external events retrieved: 100
[2026-03-23T00:38:44.110Z] [External Fetch] Found 2 integrations: whatsapp, google
[2026-03-23T00:38:44.110Z] [External Fetch] Triggering Google sync for google...
[2026-03-23T00:38:44.151Z] [External Fetch] Total external events retrieved: 100
[2026-03-23T00:38:44.361Z] [External Fetch] Found 2 integrations: whatsapp, google
[2026-03-23T00:38:44.362Z] [External Fetch] Triggering Google sync for google...
[2026-03-23T00:38:44.394Z] [External Fetch] Total external events retrieved: 100
[2026-03-23T00:38:44.619Z] [External Fetch] Found 2 integrations: whatsapp, google
[2026-03-23T00:38:44.620Z] [External Fetch] Triggering Google sync for google...
[2026-03-23T00:38:44.656Z] [External Fetch] Total external events retrieved: 100
[2026-03-23T00:38:44.858Z] [External Fetch] Found 2 integrations: whatsapp, google
[2026-03-23T00:38:44.858Z] [External Fetch] Triggering Google sync for google...
[2026-03-23T00:38:44.903Z] [External Fetch] Total external events retrieved: 100
[2026-03-23T00:38:45.115Z] [External Fetch] Found 2 integrations: whatsapp, google
[2026-03-23T00:38:45.116Z] [External Fetch] Triggering Google sync for google...
[2026-03-23T00:38:45.156Z] [External Fetch] Total external events retrieved: 100
[2026-03-23T00:38:45.364Z] [External Fetch] Found 2 integrations: whatsapp, google
[2026-03-23T00:38:45.365Z] [External Fetch] Triggering Google sync for google...
[2026-03-23T00:38:45.403Z] [External Fetch] Total external events retrieved: 100
[2026-03-23T00:38:45.633Z] [External Fetch] Found 2 integrations: whatsapp, google
[2026-03-23T00:38:45.634Z] [External Fetch] Triggering Google sync for google...
[2026-03-23T00:38:45.673Z] [External Fetch] Total external events retrieved: 100
[2026-03-23T00:38:45.875Z] [External Fetch] Found 2 integrations: whatsapp, google
[2026-03-23T00:38:45.876Z] [External Fetch] Triggering Google sync for google...
[2026-03-23T00:38:45.916Z] [External Fetch] Total external events retrieved: 100
[2026-03-23T00:38:46.131Z] [External Fetch] Found 2 integrations: whatsapp, google
[2026-03-23T00:38:46.132Z] [External Fetch] Triggering Google sync for google...
[2026-03-23T00:38:46.167Z] [External Fetch] Total external events retrieved: 100
[2026-03-23T00:38:46.370Z] [External Fetch] Found 2 integrations: whatsapp, google
[2026-03-23T00:38:46.371Z] [External Fetch] Triggering Google sync for google...
[2026-03-23T00:38:46.407Z] [External Fetch] Total external events retrieved: 100
[2026-03-23T00:38:46.628Z] [External Fetch] Found 2 integrations: whatsapp, google
[2026-03-23T00:38:46.629Z] [External Fetch] Triggering Google sync for google...
[2026-03-23T00:38:46.676Z] [External Fetch] Total external events retrieved: 100
[2026-03-23T00:38:46.832Z] [External Fetch] Found 2 integrations: whatsapp, google
[2026-03-23T00:38:46.833Z] [External Fetch] Triggering Google sync for google...
[2026-03-23T00:38:46.860Z] [External Fetch] Total external events retrieved: 100
[2026-03-23T00:38:47.088Z] [External Fetch] Found 2 integrations: whatsapp, google
[2026-03-23T00:38:47.089Z] [External Fetch] Triggering Google sync for google...
[2026-03-23T00:38:47.122Z] [External Fetch] Total external events retrieved: 100
[2026-03-23T00:38:47.332Z] [External Fetch] Found 2 integrations: whatsapp, google
[2026-03-23T00:38:47.333Z] [External Fetch] Triggering Google sync for google...
[2026-03-23T00:38:47.368Z] [External Fetch] Total external events retrieved: 100
[2026-03-23T00:38:47.573Z] [External Fetch] Found 2 integrations: whatsapp, google
[2026-03-23T00:38:47.574Z] [External Fetch] Triggering Google sync for google...
[2026-03-23T00:38:47.609Z] [External Fetch] Total external events retrieved: 100
[2026-03-23T00:38:47.821Z] [External Fetch] Found 2 integrations: whatsapp, google
[2026-03-23T00:38:47.822Z] [External Fetch] Triggering Google sync for google...
[2026-03-23T00:38:47.868Z] [External Fetch] Total external events retrieved: 100
[2026-03-23T00:38:48.073Z] [External Fetch] Found 2 integrations: whatsapp, google
[2026-03-23T00:38:48.073Z] [External Fetch] Triggering Google sync for google...
[2026-03-23T00:38:48.100Z] [External Fetch] Total external events retrieved: 100
[2026-03-23T00:38:48.224Z] [External Fetch] Total external events retrieved: 100
